<?xml version="1.0" encoding="UTF-8"?>
<!-- Generated by org.testng.reporters.JUnitXMLReporter -->
<testsuite hostname="Sophitia" name="Default test" tests="3" failures="0" timestamp="21 Jun 2014 02:15:38 GMT" time="44.154" errors="0">
  <testcase name="clickContributeExpandsDropdown" time="0.633" classname="homework.test.HomePageTest"/>
  <testcase name="loginFormDispalyed" time="0.154" classname="homework.test.HomePageTest"/>
  <testcase name="redirectedToHomeUrl" time="0.0070" classname="homework.test.HomePageTest"/>
</testsuite> <!-- Default test -->
